2023-11-21 09:23:14.850  INFO 20164 --- [restartedMain] com.app.main.Application                 : Starting Application on LAPTOP-8UBDJVMD with PID 20164 (E:\Ecommerce\ecommerce-api\target\classes started by HP in E:\Ecommerce\ecommerce-api)
2023-11-21 09:23:14.859  INFO 20164 --- [restartedMain] com.app.main.Application                 : The following profiles are active: dev
2023-11-21 09:23:15.127  INFO 20164 --- [restartedMain] .e.DevToolsPropertyDefaultsPostProcessor : Devtools property defaults active! Set 'spring.devtools.add-properties' to 'false' to disable
2023-11-21 09:23:15.128  INFO 20164 --- [restartedMain] .e.DevToolsPropertyDefaultsPostProcessor : For additional web related logging consider setting the 'logging.level.web' property to 'DEBUG'
2023-11-21 09:23:20.290  INFO 20164 --- [restartedMain] .s.d.r.c.RepositoryConfigurationDelegate : Multiple Spring Data modules found, entering strict repository configuration mode!
2023-11-21 09:23:20.291  INFO 20164 --- [restartedMain] .s.d.r.c.RepositoryConfigurationDelegate : Bootstrapping Spring Data JPA repositories in DEFAULT mode.
2023-11-21 09:23:20.314  INFO 20164 --- [restartedMain] .s.d.r.c.RepositoryConfigurationDelegate : Finished Spring Data repository scanning in 9ms. Found 0 JPA repository interfaces.
2023-11-21 09:23:20.345  INFO 20164 --- [restartedMain] .s.d.r.c.RepositoryConfigurationDelegate : Multiple Spring Data modules found, entering strict repository configuration mode!
2023-11-21 09:23:20.345  INFO 20164 --- [restartedMain] .s.d.r.c.RepositoryConfigurationDelegate : Bootstrapping Spring Data JPA repositories in DEFAULT mode.
2023-11-21 09:23:20.517  INFO 20164 --- [restartedMain] .s.d.r.c.RepositoryConfigurationDelegate : Finished Spring Data repository scanning in 172ms. Found 51 JPA repository interfaces.
2023-11-21 09:23:20.851  INFO 20164 --- [restartedMain] .s.d.r.c.RepositoryConfigurationDelegate : Multiple Spring Data modules found, entering strict repository configuration mode!
2023-11-21 09:23:20.851  INFO 20164 --- [restartedMain] .s.d.r.c.RepositoryConfigurationDelegate : Bootstrapping Spring Data JDBC repositories in DEFAULT mode.
2023-11-21 09:23:20.862  INFO 20164 --- [restartedMain] .s.d.r.c.RepositoryConfigurationDelegate : Finished Spring Data repository scanning in 11ms. Found 0 JDBC repository interfaces.
2023-11-21 09:23:21.441  INFO 20164 --- [restartedMain] trationDelegate$BeanPostProcessorChecker : Bean 'asynchronousSpringEventsConfig' of type [com.app.config.AsynchronousSpringEventsConfig$$EnhancerBySpringCGLIB$$37ea151d] is not eligible for getting processed by all BeanPostProcessors (for example: not eligible for auto-proxying)
2023-11-21 09:23:21.547  INFO 20164 --- [restartedMain] trationDelegate$BeanPostProcessorChecker : Bean 'org.springframework.security.access.expression.method.DefaultMethodSecurityExpressionHandler@68a6fc78' of type [org.springframework.security.access.expression.method.DefaultMethodSecurityExpressionHandler] is not eligible for getting processed by all BeanPostProcessors (for example: not eligible for auto-proxying)
2023-11-21 09:23:21.558  INFO 20164 --- [restartedMain] trationDelegate$BeanPostProcessorChecker : Bean 'methodSecurityMetadataSource' of type [org.springframework.security.access.method.DelegatingMethodSecurityMetadataSource] is not eligible for getting processed by all BeanPostProcessors (for example: not eligible for auto-proxying)
2023-11-21 09:23:22.244  INFO 20164 --- [restartedMain] o.s.b.w.embedded.tomcat.TomcatWebServer  : Tomcat initialized with port(s): 8085 (http)
2023-11-21 09:23:22.261  INFO 20164 --- [restartedMain] o.apache.catalina.core.StandardService   : Starting service [Tomcat]
2023-11-21 09:23:22.262  INFO 20164 --- [restartedMain] org.apache.catalina.core.StandardEngine  : Starting Servlet engine: [Apache Tomcat/9.0.35]
2023-11-21 09:23:22.446  INFO 20164 --- [restartedMain] o.a.c.c.C.[Tomcat].[localhost].[/]       : Initializing Spring embedded WebApplicationContext
2023-11-21 09:23:22.447 DEBUG 20164 --- [restartedMain] o.s.web.context.ContextLoader            : Published root WebApplicationContext as ServletContext attribute with name [org.springframework.web.context.WebApplicationContext.ROOT]
2023-11-21 09:23:22.449  INFO 20164 --- [restartedMain] o.s.web.context.ContextLoader            : Root WebApplicationContext: initialization completed in 7320 ms
2023-11-21 09:23:33.661 DEBUG 20164 --- [restartedMain] org.hibernate.SQL                        : select country0_.id as id1_4_, country0_.name as name2_4_, country0_.short_desc as short_de3_4_ from country country0_
2023-11-21 09:23:35.380 DEBUG 20164 --- [restartedMain] org.hibernate.SQL                        : select state0_.id as id1_26_, state0_.country_id as country_4_26_, state0_.name as name2_26_, state0_.short_desc as short_de3_26_ from state state0_
2023-11-21 09:23:35.484 DEBUG 20164 --- [restartedMain] org.hibernate.SQL                        : select country0_.id as id1_4_0_, country0_.name as name2_4_0_, country0_.short_desc as short_de3_4_0_ from country country0_ where country0_.id=?
2023-11-21 09:23:35.487 TRACE 20164 --- [restartedMain] o.h.type.descriptor.sql.BasicBinder      : binding parameter [1] as [VARCHAR] - [390d631d-7cd6-11ec-9315-020065359b9c]
2023-11-21 09:23:36.022 DEBUG 20164 --- [restartedMain] org.hibernate.SQL                        : select city0_.id as id1_2_, city0_.country_id as country_2_2_, city0_.latitude as latitude3_2_, city0_.longitude as longitud4_2_, city0_.name as name5_2_, city0_.short_desc as short_de6_2_, city0_.state_id as state_id7_2_, city0_.zip_code as zip_code8_2_ from city city0_ where city0_.state_id=?
2023-11-21 09:23:37.224 TRACE 20164 --- [restartedMain] o.h.type.descriptor.sql.BasicBinder      : binding parameter [1] as [VARCHAR] - [996e48c3-d724-447b-baec-4941fb1e98c6]
2023-11-21 09:23:39.395 DEBUG 20164 --- [restartedMain] org.hibernate.SQL                        : select currency0_.id as id1_5_, currency0_.base_currency as base_cur2_5_, currency0_.code as code3_5_, currency0_.conversion_rate as conversi4_5_, currency0_.name as name5_5_, currency0_.status as status6_5_, currency0_.symbol as symbol7_5_, currency0_.updated_date as updated_8_5_ from currency currency0_
